This file contains any messages produced by compilers while
running configure, to aid debugging if configure makes a mistake.

It was created by wslay configure 0.1.1, which was
generated by GNU Autoconf 2.69.  Invocation command line was

  $ ./configure --disable-option-checking --prefix=/usr/local --host=arm-linux-androideabi --build= --disable-nls --without-gnutls --with-openssl --with-openssl-prefix=/home/leiyi/adt/usr/local --with-sqlite3 --without-libxml2 --with-libexpat --with-libexpat-prefix=/home/leiyi/adt/usr/local --with-libcares --with-libcares-prefix=/home/leiyi/adt/usr/local --with-libz --with-libz-prefix=/home/leiyi/adt/usr/local CXXFLAGS=-Os -g CFLAGS=-Os -g LDFLAGS=-L/home/leiyi/adt/usr/local/lib PKG_CONFIG_LIBDIR=/home/leiyi/adt/usr/local/lib/pkgconfig ZLIB_LIBS=-lz ZLIB_CFLAGS=-I/home/leiyi/adt/toolchain/sysroot/usr/include build_alias= host_alias=arm-linux-androideabi --cache-file=/dev/null --srcdir=.

## --------- ##
## Platform. ##
## --------- ##

hostname = sycserver.suyuanchang.com
uname -m = x86_64
uname -r = 2.6.32-358.6.2.v6.x86_64
uname -s = Linux
uname -v = #1 SMP Thu May 16 18:24:03 MDT 2013

/usr/bin/uname -p = unknown
/bin/uname -X     = unknown

/bin/arch              = x86_64
/usr/bin/arch -k       = unknown
/usr/convex/getsysinfo = unknown
/usr/bin/hostinfo      = unknown
/bin/machine           = unknown
/usr/bin/oslevel       = unknown
/bin/universe          = unknown

PATH: /home/leiyi/adt/toolchain/bin
PATH: /home/leiyi/adt/ndk
PATH: /home/leiyi/adt/sdk/tools
PATH: /home/leiyi/adt/sdk/platform-tools
PATH: /usr/local/eclipse
PATH: /home/leiyi/adt/toolchain/arm-linux-androideabi/bin
PATH: /usr/local/gcc/bin
PATH: /bin
PATH: /usr/bin
PATH: /usr/local/sbin
PATH: /usr/local/bin
PATH: /sbin
PATH: /usr/sbin
PATH: /home/leiyi/bin


## ----------- ##
## Core tests. ##
## ----------- ##

configure:2384: checking build system type
configure:2398: result: x86_64-unknown-linux-gnu
configure:2418: checking host system type
configure:2431: result: arm-unknown-linux-androideabi
configure:2472: checking how to print strings
configure:2499: result: printf
configure:2531: checking for arm-linux-androideabi-gcc
configure:2547: found /home/leiyi/adt/toolchain/bin/arm-linux-androideabi-gcc
configure:2558: result: arm-linux-androideabi-gcc
configure:2827: checking for C compiler version
configure:2836: arm-linux-androideabi-gcc --version >&5
arm-linux-androideabi-gcc (GCC) 4.8
Copyright (C) 2013 Free Software Foundation, Inc.
This is free software; see the source for copying conditions.  There is NO
warranty; not even for MERCHANTABILITY or FITNESS FOR A PARTICULAR PURPOSE.

configure:2847: $? = 0
configure:2836: arm-linux-androideabi-gcc -v >&5
Using built-in specs.
COLLECT_GCC=arm-linux-androideabi-gcc
COLLECT_LTO_WRAPPER=/home/leiyi/adt/toolchain/bin/../libexec/gcc/arm-linux-androideabi/4.8/lto-wrapper
Target: arm-linux-androideabi
Configured with: /s/ndk-toolchain/src/build/../gcc/gcc-4.8/configure --prefix=/tmp/ndk-andrewhsieh/build/toolchain/prefix --target=arm-linux-androideabi --host=x86_64-linux-gnu --build=x86_64-linux-gnu --with-gnu-as --with-gnu-ld --enable-languages=c,c++ --with-gmp=/tmp/ndk-andrewhsieh/build/toolchain/temp-install --with-mpfr=/tmp/ndk-andrewhsieh/build/toolchain/temp-install --with-mpc=/tmp/ndk-andrewhsieh/build/toolchain/temp-install --with-cloog=/tmp/ndk-andrewhsieh/build/toolchain/temp-install --with-isl=/tmp/ndk-andrewhsieh/build/toolchain/temp-install --with-ppl=/tmp/ndk-andrewhsieh/build/toolchain/temp-install --disable-ppl-version-check --disable-cloog-version-check --disable-isl-version-check --enable-cloog-backend=isl --with-host-libstdcxx='-static-libgcc -Wl,-Bstatic,-lstdc++,-Bdynamic -lm' --disable-libssp --enable-threads --disable-nls --disable-libmudflap --disable-libgomp --disable-libstdc__-v3 --disable-sjlj-exceptions --disable-shared --disable-tls --disable-libitm --with-float=soft --with-fpu=vfp --with-arch=armv5te --enable-target-optspace --enable-initfini-array --disable-nls --prefix=/tmp/ndk-andrewhsieh/build/toolchain/prefix --with-sysroot=/tmp/ndk-andrewhsieh/build/toolchain/prefix/sysroot --with-binutils-version=2.23 --with-mpfr-version=3.1.1 --with-mpc-version=1.0.1 --with-gmp-version=5.0.5 --with-gcc-version=4.8 --with-gdb-version=7.3.x --with-python=/usr/local/google/home/andrewhsieh/mydroid/ndk/prebuilt/linux-x86_64/bin/python-config.sh --with-gxx-include-dir=/tmp/ndk-andrewhsieh/build/toolchain/prefix/include/c++/4.8 --with-bugurl=http://source.android.com/source/report-bugs.html --disable-bootstrap --disable-libquadmath --enable-plugins --enable-libgomp --disable-libsanitizer --enable-gold --enable-graphite=yes --with-cloog-version=0.18.0 --with-isl-version=0.11.1 --enable-eh-frame-hdr-for-static --with-arch=armv5te --program-transform-name='s&^&arm-linux-androideabi-&' --enable-gold=default
Thread model: posix
gcc version 4.8 (GCC) 
configure:2847: $? = 0
configure:2836: arm-linux-androideabi-gcc -V >&5
arm-linux-androideabi-gcc: error: unrecognized command line option '-V'
arm-linux-androideabi-gcc: fatal error: no input files
compilation terminated.
configure:2847: $? = 1
configure:2836: arm-linux-androideabi-gcc -qversion >&5
arm-linux-androideabi-gcc: error: unrecognized command line option '-qversion'
arm-linux-androideabi-gcc: fatal error: no input files
compilation terminated.
configure:2847: $? = 1
configure:2867: checking whether the C compiler works
configure:2889: arm-linux-androideabi-gcc -Os -g  -L/home/leiyi/adt/usr/local/lib conftest.c  >&5
configure:2893: $? = 0
configure:2941: result: yes
configure:2944: checking for C compiler default output file name
configure:2946: result: a.out
configure:2952: checking for suffix of executables
configure:2959: arm-linux-androideabi-gcc -o conftest -Os -g  -L/home/leiyi/adt/usr/local/lib conftest.c  >&5
configure:2963: $? = 0
configure:2985: result: 
configure:3007: checking whether we are cross compiling
configure:3015: arm-linux-androideabi-gcc -o conftest -Os -g  -L/home/leiyi/adt/usr/local/lib conftest.c  >&5
configure:3019: $? = 0
configure:3026: ./conftest
./configure: line 3028: ./conftest: cannot execute binary file
configure:3030: $? = 126
configure:3045: result: yes
configure:3050: checking for suffix of object files
configure:3072: arm-linux-androideabi-gcc -c -Os -g  conftest.c >&5
configure:3076: $? = 0
configure:3097: result: o
configure:3101: checking whether we are using the GNU C compiler
configure:3120: arm-linux-androideabi-gcc -c -Os -g  conftest.c >&5
configure:3120: $? = 0
configure:3129: result: yes
configure:3138: checking whether arm-linux-androideabi-gcc accepts -g
configure:3158: arm-linux-androideabi-gcc -c -g  conftest.c >&5
configure:3158: $? = 0
configure:3199: result: yes
configure:3216: checking for arm-linux-androideabi-gcc option to accept ISO C89
configure:3279: arm-linux-androideabi-gcc  -c -Os -g  conftest.c >&5
configure:3279: $? = 0
configure:3292: result: none needed
configure:3317: checking whether arm-linux-androideabi-gcc understands -c and -o together
configure:3339: arm-linux-androideabi-gcc -c conftest.c -o conftest2.o
configure:3342: $? = 0
configure:3339: arm-linux-androideabi-gcc -c conftest.c -o conftest2.o
configure:3342: $? = 0
configure:3354: result: yes
configure:3371: checking for a sed that does not truncate output
configure:3435: result: /bin/sed
configure:3453: checking for grep that handles long lines and -e
configure:3511: result: /bin/grep
configure:3516: checking for egrep
configure:3578: result: /bin/grep -E
configure:3583: checking for fgrep
configure:3645: result: /bin/grep -F
configure:3680: checking for ld used by arm-linux-androideabi-gcc
configure:3747: result: /home/leiyi/adt/toolchain/arm-linux-androideabi/bin/ld
configure:3754: checking if the linker (/home/leiyi/adt/toolchain/arm-linux-androideabi/bin/ld) is GNU ld
configure:3769: result: yes
configure:3781: checking for BSD- or MS-compatible name lister (nm)
configure:3830: result: /home/leiyi/adt/toolchain/bin/arm-linux-androideabi-nm -B
configure:3960: checking the name lister (/home/leiyi/adt/toolchain/bin/arm-linux-androideabi-nm -B) interface
configure:3967: arm-linux-androideabi-gcc -c -Os -g  conftest.c >&5
configure:3970: /home/leiyi/adt/toolchain/bin/arm-linux-androideabi-nm -B "conftest.o"
configure:3973: output
00000000 B some_variable
configure:3980: result: BSD nm
configure:3983: checking whether ln -s works
configure:3987: result: yes
configure:3995: checking the maximum length of command line arguments
configure:4126: result: 1966080
configure:4143: checking whether the shell understands some XSI constructs
configure:4153: result: yes
configure:4157: checking whether the shell understands "+="
configure:4163: result: yes
configure:4198: checking how to convert x86_64-unknown-linux-gnu file names to arm-unknown-linux-androideabi format
configure:4238: result: func_convert_file_noop
configure:4245: checking how to convert x86_64-unknown-linux-gnu file names to toolchain format
configure:4265: result: func_convert_file_noop
configure:4272: checking for /home/leiyi/adt/toolchain/arm-linux-androideabi/bin/ld option to reload object files
configure:4279: result: -r
configure:4313: checking for arm-linux-androideabi-objdump
configure:4329: found /home/leiyi/adt/toolchain/bin/arm-linux-androideabi-objdump
configure:4340: result: arm-linux-androideabi-objdump
configure:4412: checking how to recognize dependent libraries
configure:4610: result: pass_all
configure:4655: checking for arm-linux-androideabi-dlltool
configure:4685: result: no
configure:4695: checking for dlltool
configure:4725: result: no
configure:4755: checking how to associate runtime and link libraries
configure:4782: result: printf %s\n
configure:4799: checking for arm-linux-androideabi-ar
configure:4815: found /home/leiyi/adt/toolchain/bin/arm-linux-androideabi-ar
configure:4826: result: arm-linux-androideabi-ar
configure:4907: checking for archiver @FILE support
configure:4924: arm-linux-androideabi-gcc -c -Os -g  conftest.c >&5
configure:4924: $? = 0
configure:4927: arm-linux-androideabi-ar cru libconftest.a @conftest.lst >&5
configure:4930: $? = 0
configure:4935: arm-linux-androideabi-ar cru libconftest.a @conftest.lst >&5
arm-linux-androideabi-ar: conftest.o: No such file or directory
configure:4938: $? = 1
configure:4950: result: @
configure:4968: checking for arm-linux-androideabi-strip
configure:4984: found /home/leiyi/adt/toolchain/bin/arm-linux-androideabi-strip
configure:4995: result: arm-linux-androideabi-strip
configure:5067: checking for arm-linux-androideabi-ranlib
configure:5083: found /home/leiyi/adt/toolchain/bin/arm-linux-androideabi-ranlib
configure:5094: result: arm-linux-androideabi-ranlib
configure:5211: checking for gawk
configure:5227: found /bin/gawk
configure:5238: result: gawk
configure:5278: checking command to parse /home/leiyi/adt/toolchain/bin/arm-linux-androideabi-nm -B output from arm-linux-androideabi-gcc object
configure:5398: arm-linux-androideabi-gcc -c -Os -g  conftest.c >&5
configure:5401: $? = 0
configure:5405: /home/leiyi/adt/toolchain/bin/arm-linux-androideabi-nm -B conftest.o \| sed -n -e 's/^.*[ ]\([ABCDGIRSTW][ABCDGIRSTW]*\)[ ][ ]*\([_A-Za-z][_A-Za-z0-9]*\)$/\1 \2 \2/p' | sed '/ __gnu_lto/d' \> conftest.nm
configure:5408: $? = 0
configure:5474: arm-linux-androideabi-gcc -o conftest -Os -g  -L/home/leiyi/adt/usr/local/lib conftest.c conftstm.o >&5
configure:5477: $? = 0
configure:5515: result: ok
configure:5552: checking for sysroot
configure:5582: result: no
configure:5811: checking for arm-linux-androideabi-mt
configure:5841: result: no
configure:5851: checking for mt
configure:5881: result: no
configure:5901: checking if : is a manifest tool
configure:5907: : '-?'
configure:5915: result: no
configure:6557: checking how to run the C preprocessor
configure:6588: arm-linux-androideabi-gcc -E  conftest.c
configure:6588: $? = 0
configure:6602: arm-linux-androideabi-gcc -E  conftest.c
conftest.c:9:28: fatal error: ac_nonexistent.h: No such file or directory
 #include <ac_nonexistent.h>
                            ^
compilation terminated.
configure:6602: $? = 1
configure: failed program was:
| /* confdefs.h */
| #define PACKAGE_NAME "wslay"
| #define PACKAGE_TARNAME "wslay"
| #define PACKAGE_VERSION "0.1.1"
| #define PACKAGE_STRING "wslay 0.1.1"
| #define PACKAGE_BUGREPORT "t-tujikawa@users.sourceforge.net"
| #define PACKAGE_URL ""
| /* end confdefs.h.  */
| #include <ac_nonexistent.h>
configure:6627: result: arm-linux-androideabi-gcc -E
configure:6647: arm-linux-androideabi-gcc -E  conftest.c
configure:6647: $? = 0
configure:6661: arm-linux-androideabi-gcc -E  conftest.c
conftest.c:9:28: fatal error: ac_nonexistent.h: No such file or directory
 #include <ac_nonexistent.h>
                            ^
compilation terminated.
configure:6661: $? = 1
configure: failed program was:
| /* confdefs.h */
| #define PACKAGE_NAME "wslay"
| #define PACKAGE_TARNAME "wslay"
| #define PACKAGE_VERSION "0.1.1"
| #define PACKAGE_STRING "wslay 0.1.1"
| #define PACKAGE_BUGREPORT "t-tujikawa@users.sourceforge.net"
| #define PACKAGE_URL ""
| /* end confdefs.h.  */
| #include <ac_nonexistent.h>
configure:6690: checking for ANSI C header files
configure:6710: arm-linux-androideabi-gcc -c -Os -g  conftest.c >&5
configure:6710: $? = 0
configure:6794: result: yes
configure:6807: checking for sys/types.h
configure:6807: arm-linux-androideabi-gcc -c -Os -g  conftest.c >&5
configure:6807: $? = 0
configure:6807: result: yes
configure:6807: checking for sys/stat.h
configure:6807: arm-linux-androideabi-gcc -c -Os -g  conftest.c >&5
configure:6807: $? = 0
configure:6807: result: yes
configure:6807: checking for stdlib.h
configure:6807: arm-linux-androideabi-gcc -c -Os -g  conftest.c >&5
configure:6807: $? = 0
configure:6807: result: yes
configure:6807: checking for string.h
configure:6807: arm-linux-androideabi-gcc -c -Os -g  conftest.c >&5
configure:6807: $? = 0
configure:6807: result: yes
configure:6807: checking for memory.h
configure:6807: arm-linux-androideabi-gcc -c -Os -g  conftest.c >&5
configure:6807: $? = 0
configure:6807: result: yes
configure:6807: checking for strings.h
configure:6807: arm-linux-androideabi-gcc -c -Os -g  conftest.c >&5
configure:6807: $? = 0
configure:6807: result: yes
configure:6807: checking for inttypes.h
configure:6807: arm-linux-androideabi-gcc -c -Os -g  conftest.c >&5
configure:6807: $? = 0
configure:6807: result: yes
configure:6807: checking for stdint.h
configure:6807: arm-linux-androideabi-gcc -c -Os -g  conftest.c >&5
configure:6807: $? = 0
configure:6807: result: yes
configure:6807: checking for unistd.h
configure:6807: arm-linux-androideabi-gcc -c -Os -g  conftest.c >&5
configure:6807: $? = 0
configure:6807: result: yes
configure:6821: checking for dlfcn.h
configure:6821: arm-linux-androideabi-gcc -c -Os -g  conftest.c >&5
configure:6821: $? = 0
configure:6821: result: yes
configure:7027: checking for objdir
configure:7042: result: .libs
configure:7313: checking if arm-linux-androideabi-gcc supports -fno-rtti -fno-exceptions
configure:7331: arm-linux-androideabi-gcc -c -Os -g  -fno-rtti -fno-exceptions conftest.c >&5
cc1: warning: command line option '-fno-rtti' is valid for C++/ObjC++ but not for C [enabled by default]
configure:7335: $? = 0
configure:7348: result: no
configure:7675: checking for arm-linux-androideabi-gcc option to produce PIC
configure:7682: result: -fPIC -DPIC
configure:7690: checking if arm-linux-androideabi-gcc PIC flag -fPIC -DPIC works
configure:7708: arm-linux-androideabi-gcc -c -Os -g  -fPIC -DPIC -DPIC conftest.c >&5
configure:7712: $? = 0
configure:7725: result: yes
configure:7754: checking if arm-linux-androideabi-gcc static flag -static works
configure:7782: result: yes
configure:7797: checking if arm-linux-androideabi-gcc supports -c -o file.o
configure:7818: arm-linux-androideabi-gcc -c -Os -g  -o out/conftest2.o conftest.c >&5
configure:7822: $? = 0
configure:7844: result: yes
configure:7852: checking if arm-linux-androideabi-gcc supports -c -o file.o
configure:7899: result: yes
configure:7932: checking whether the arm-linux-androideabi-gcc linker (/home/leiyi/adt/toolchain/arm-linux-androideabi/bin/ld) supports shared libraries
configure:9089: result: yes
configure:9126: checking whether -lc should be explicitly linked in
configure:9134: arm-linux-androideabi-gcc -c -Os -g  conftest.c >&5
configure:9137: $? = 0
configure:9152: arm-linux-androideabi-gcc -shared  -fPIC -DPIC conftest.o  -v -Wl,-soname -Wl,conftest -o conftest 2\>\&1 \| /bin/grep  -lc  \>/dev/null 2\>\&1
configure:9155: $? = 0
configure:9169: result: no
configure:9329: checking dynamic linker characteristics
configure:9829: arm-linux-androideabi-gcc -o conftest -Os -g  -L/home/leiyi/adt/usr/local/lib -Wl,-rpath -Wl,/foo conftest.c  >&5
configure:9829: $? = 0
configure:10063: result: GNU/Linux ld.so
configure:10170: checking how to hardcode library paths into programs
configure:10195: result: immediate
configure:10735: checking whether stripping libraries is possible
configure:10740: result: yes
configure:10775: checking if libtool supports shared libraries
configure:10777: result: yes
configure:10780: checking whether to build shared libraries
configure:10801: result: yes
configure:10804: checking whether to build static libraries
configure:10808: result: yes
configure:10883: checking target system type
configure:10896: result: arm-unknown-linux-androideabi
configure:10941: checking for a BSD-compatible install
configure:11009: result: /usr/bin/install -c
configure:11020: checking whether build environment is sane
configure:11075: result: yes
configure:11131: checking for arm-linux-androideabi-strip
configure:11158: result: arm-linux-androideabi-strip
configure:11223: checking for a thread-safe mkdir -p
configure:11262: result: /bin/mkdir -p
configure:11265: checking whether make sets $(MAKE)
configure:11287: result: yes
configure:11317: checking for style of include used by make
configure:11345: result: GNU
configure:11379: checking whether make supports nested variables
configure:11396: result: yes
configure:11481: checking dependency style of arm-linux-androideabi-gcc
configure:11592: result: gcc3
configure:11660: checking for arm-linux-androideabi-gcc
configure:11687: result: arm-linux-androideabi-gcc
configure:11956: checking for C compiler version
configure:11965: arm-linux-androideabi-gcc --version >&5
arm-linux-androideabi-gcc (GCC) 4.8
Copyright (C) 2013 Free Software Foundation, Inc.
This is free software; see the source for copying conditions.  There is NO
warranty; not even for MERCHANTABILITY or FITNESS FOR A PARTICULAR PURPOSE.

configure:11976: $? = 0
configure:11965: arm-linux-androideabi-gcc -v >&5
Using built-in specs.
COLLECT_GCC=arm-linux-androideabi-gcc
COLLECT_LTO_WRAPPER=/home/leiyi/adt/toolchain/bin/../libexec/gcc/arm-linux-androideabi/4.8/lto-wrapper
Target: arm-linux-androideabi
Configured with: /s/ndk-toolchain/src/build/../gcc/gcc-4.8/configure --prefix=/tmp/ndk-andrewhsieh/build/toolchain/prefix --target=arm-linux-androideabi --host=x86_64-linux-gnu --build=x86_64-linux-gnu --with-gnu-as --with-gnu-ld --enable-languages=c,c++ --with-gmp=/tmp/ndk-andrewhsieh/build/toolchain/temp-install --with-mpfr=/tmp/ndk-andrewhsieh/build/toolchain/temp-install --with-mpc=/tmp/ndk-andrewhsieh/build/toolchain/temp-install --with-cloog=/tmp/ndk-andrewhsieh/build/toolchain/temp-install --with-isl=/tmp/ndk-andrewhsieh/build/toolchain/temp-install --with-ppl=/tmp/ndk-andrewhsieh/build/toolchain/temp-install --disable-ppl-version-check --disable-cloog-version-check --disable-isl-version-check --enable-cloog-backend=isl --with-host-libstdcxx='-static-libgcc -Wl,-Bstatic,-lstdc++,-Bdynamic -lm' --disable-libssp --enable-threads --disable-nls --disable-libmudflap --disable-libgomp --disable-libstdc__-v3 --disable-sjlj-exceptions --disable-shared --disable-tls --disable-libitm --with-float=soft --with-fpu=vfp --with-arch=armv5te --enable-target-optspace --enable-initfini-array --disable-nls --prefix=/tmp/ndk-andrewhsieh/build/toolchain/prefix --with-sysroot=/tmp/ndk-andrewhsieh/build/toolchain/prefix/sysroot --with-binutils-version=2.23 --with-mpfr-version=3.1.1 --with-mpc-version=1.0.1 --with-gmp-version=5.0.5 --with-gcc-version=4.8 --with-gdb-version=7.3.x --with-python=/usr/local/google/home/andrewhsieh/mydroid/ndk/prebuilt/linux-x86_64/bin/python-config.sh --with-gxx-include-dir=/tmp/ndk-andrewhsieh/build/toolchain/prefix/include/c++/4.8 --with-bugurl=http://source.android.com/source/report-bugs.html --disable-bootstrap --disable-libquadmath --enable-plugins --enable-libgomp --disable-libsanitizer --enable-gold --enable-graphite=yes --with-cloog-version=0.18.0 --with-isl-version=0.11.1 --enable-eh-frame-hdr-for-static --with-arch=armv5te --program-transform-name='s&^&arm-linux-androideabi-&' --enable-gold=default
Thread model: posix
gcc version 4.8 (GCC) 
configure:11976: $? = 0
configure:11965: arm-linux-androideabi-gcc -V >&5
arm-linux-androideabi-gcc: error: unrecognized command line option '-V'
arm-linux-androideabi-gcc: fatal error: no input files
compilation terminated.
configure:11976: $? = 1
configure:11965: arm-linux-androideabi-gcc -qversion >&5
arm-linux-androideabi-gcc: error: unrecognized command line option '-qversion'
arm-linux-androideabi-gcc: fatal error: no input files
compilation terminated.
configure:11976: $? = 1
configure:11980: checking whether we are using the GNU C compiler
configure:12008: result: yes
configure:12017: checking whether arm-linux-androideabi-gcc accepts -g
configure:12078: result: yes
configure:12095: checking for arm-linux-androideabi-gcc option to accept ISO C89
configure:12171: result: none needed
configure:12196: checking whether arm-linux-androideabi-gcc understands -c and -o together
configure:12233: result: yes
configure:12251: checking whether ln -s works
configure:12255: result: yes
configure:12262: checking whether make sets $(MAKE)
configure:12284: result: yes
configure:12296: checking for sphinx-build
configure:12329: result: no
configure:12345: checking for CU_initialize_registry in -lcunit
configure:12370: arm-linux-androideabi-gcc -o conftest -Os -g  -L/home/leiyi/adt/usr/local/lib conftest.c -lcunit   >&5
/home/leiyi/adt/toolchain/bin/../lib/gcc/arm-linux-androideabi/4.8/../../../../arm-linux-androideabi/bin/ld: error: cannot find -lcunit
conftest.c:34: error: undefined reference to 'CU_initialize_registry'
collect2: error: ld returned 1 exit status
configure:12370: $? = 1
configure: failed program was:
| /* confdefs.h */
| #define PACKAGE_NAME "wslay"
| #define PACKAGE_TARNAME "wslay"
| #define PACKAGE_VERSION "0.1.1"
| #define PACKAGE_STRING "wslay 0.1.1"
| #define PACKAGE_BUGREPORT "t-tujikawa@users.sourceforge.net"
| #define PACKAGE_URL ""
| #define STDC_HEADERS 1
| #define HAVE_SYS_TYPES_H 1
| #define HAVE_SYS_STAT_H 1
| #define HAVE_STDLIB_H 1
| #define HAVE_STRING_H 1
| #define HAVE_MEMORY_H 1
| #define HAVE_STRINGS_H 1
| #define HAVE_INTTYPES_H 1
| #define HAVE_STDINT_H 1
| #define HAVE_UNISTD_H 1
| #define HAVE_DLFCN_H 1
| #define LT_OBJDIR ".libs/"
| #define PACKAGE "wslay"
| #define VERSION "0.1.1"
| /* end confdefs.h.  */
| 
| /* Override any GCC internal prototype to avoid an error.
|    Use char because int might match the return type of a GCC
|    builtin and then its argument prototype would still apply.  */
| #ifdef __cplusplus
| extern "C"
| #endif
| char CU_initialize_registry ();
| int
| main ()
| {
| return CU_initialize_registry ();
|   ;
|   return 0;
| }
configure:12379: result: no
configure:12415: checking arpa/inet.h usability
configure:12415: arm-linux-androideabi-gcc -c -Os -g  conftest.c >&5
configure:12415: $? = 0
configure:12415: result: yes
configure:12415: checking arpa/inet.h presence
configure:12415: arm-linux-androideabi-gcc -E  conftest.c
configure:12415: $? = 0
configure:12415: result: yes
configure:12415: checking for arpa/inet.h
configure:12415: result: yes
configure:12415: checking netinet/in.h usability
configure:12415: arm-linux-androideabi-gcc -c -Os -g  conftest.c >&5
configure:12415: $? = 0
configure:12415: result: yes
configure:12415: checking netinet/in.h presence
configure:12415: arm-linux-androideabi-gcc -E  conftest.c
configure:12415: $? = 0
configure:12415: result: yes
configure:12415: checking for netinet/in.h
configure:12415: result: yes
configure:12415: checking stddef.h usability
configure:12415: arm-linux-androideabi-gcc -c -Os -g  conftest.c >&5
configure:12415: $? = 0
configure:12415: result: yes
configure:12415: checking stddef.h presence
configure:12415: arm-linux-androideabi-gcc -E  conftest.c
configure:12415: $? = 0
configure:12415: result: yes
configure:12415: checking for stddef.h
configure:12415: result: yes
configure:12415: checking for stdint.h
configure:12415: result: yes
configure:12415: checking for stdlib.h
configure:12415: result: yes
configure:12415: checking for string.h
configure:12415: result: yes
configure:12415: checking for unistd.h
configure:12415: result: yes
configure:12445: checking for size_t
configure:12445: arm-linux-androideabi-gcc -c -Os -g  conftest.c >&5
configure:12445: $? = 0
configure:12445: arm-linux-androideabi-gcc -c -Os -g  conftest.c >&5
conftest.c: In function 'main':
conftest.c:66:21: error: expected expression before ')' token
 if (sizeof ((size_t)))
                     ^
configure:12445: $? = 1
configure: failed program was:
| /* confdefs.h */
| #define PACKAGE_NAME "wslay"
| #define PACKAGE_TARNAME "wslay"
| #define PACKAGE_VERSION "0.1.1"
| #define PACKAGE_STRING "wslay 0.1.1"
| #define PACKAGE_BUGREPORT "t-tujikawa@users.sourceforge.net"
| #define PACKAGE_URL ""
| #define STDC_HEADERS 1
| #define HAVE_SYS_TYPES_H 1
| #define HAVE_SYS_STAT_H 1
| #define HAVE_STDLIB_H 1
| #define HAVE_STRING_H 1
| #define HAVE_MEMORY_H 1
| #define HAVE_STRINGS_H 1
| #define HAVE_INTTYPES_H 1
| #define HAVE_STDINT_H 1
| #define HAVE_UNISTD_H 1
| #define HAVE_DLFCN_H 1
| #define LT_OBJDIR ".libs/"
| #define PACKAGE "wslay"
| #define VERSION "0.1.1"
| #define HAVE_ARPA_INET_H 1
| #define HAVE_NETINET_IN_H 1
| #define HAVE_STDDEF_H 1
| #define HAVE_STDINT_H 1
| #define HAVE_STDLIB_H 1
| #define HAVE_STRING_H 1
| #define HAVE_UNISTD_H 1
| /* end confdefs.h.  */
| #include <stdio.h>
| #ifdef HAVE_SYS_TYPES_H
| # include <sys/types.h>
| #endif
| #ifdef HAVE_SYS_STAT_H
| # include <sys/stat.h>
| #endif
| #ifdef STDC_HEADERS
| # include <stdlib.h>
| # include <stddef.h>
| #else
| # ifdef HAVE_STDLIB_H
| #  include <stdlib.h>
| # endif
| #endif
| #ifdef HAVE_STRING_H
| # if !defined STDC_HEADERS && defined HAVE_MEMORY_H
| #  include <memory.h>
| # endif
| # include <string.h>
| #endif
| #ifdef HAVE_STRINGS_H
| # include <strings.h>
| #endif
| #ifdef HAVE_INTTYPES_H
| # include <inttypes.h>
| #endif
| #ifdef HAVE_STDINT_H
| # include <stdint.h>
| #endif
| #ifdef HAVE_UNISTD_H
| # include <unistd.h>
| #endif
| int
| main ()
| {
| if (sizeof ((size_t)))
| 	    return 0;
|   ;
|   return 0;
| }
configure:12445: result: yes
configure:12456: checking for ssize_t
configure:12456: arm-linux-androideabi-gcc -c -Os -g  conftest.c >&5
configure:12456: $? = 0
configure:12456: arm-linux-androideabi-gcc -c -Os -g  conftest.c >&5
conftest.c: In function 'main':
conftest.c:66:22: error: expected expression before ')' token
 if (sizeof ((ssize_t)))
                      ^
configure:12456: $? = 1
configure: failed program was:
| /* confdefs.h */
| #define PACKAGE_NAME "wslay"
| #define PACKAGE_TARNAME "wslay"
| #define PACKAGE_VERSION "0.1.1"
| #define PACKAGE_STRING "wslay 0.1.1"
| #define PACKAGE_BUGREPORT "t-tujikawa@users.sourceforge.net"
| #define PACKAGE_URL ""
| #define STDC_HEADERS 1
| #define HAVE_SYS_TYPES_H 1
| #define HAVE_SYS_STAT_H 1
| #define HAVE_STDLIB_H 1
| #define HAVE_STRING_H 1
| #define HAVE_MEMORY_H 1
| #define HAVE_STRINGS_H 1
| #define HAVE_INTTYPES_H 1
| #define HAVE_STDINT_H 1
| #define HAVE_UNISTD_H 1
| #define HAVE_DLFCN_H 1
| #define LT_OBJDIR ".libs/"
| #define PACKAGE "wslay"
| #define VERSION "0.1.1"
| #define HAVE_ARPA_INET_H 1
| #define HAVE_NETINET_IN_H 1
| #define HAVE_STDDEF_H 1
| #define HAVE_STDINT_H 1
| #define HAVE_STDLIB_H 1
| #define HAVE_STRING_H 1
| #define HAVE_UNISTD_H 1
| /* end confdefs.h.  */
| #include <stdio.h>
| #ifdef HAVE_SYS_TYPES_H
| # include <sys/types.h>
| #endif
| #ifdef HAVE_SYS_STAT_H
| # include <sys/stat.h>
| #endif
| #ifdef STDC_HEADERS
| # include <stdlib.h>
| # include <stddef.h>
| #else
| # ifdef HAVE_STDLIB_H
| #  include <stdlib.h>
| # endif
| #endif
| #ifdef HAVE_STRING_H
| # if !defined STDC_HEADERS && defined HAVE_MEMORY_H
| #  include <memory.h>
| # endif
| # include <string.h>
| #endif
| #ifdef HAVE_STRINGS_H
| # include <strings.h>
| #endif
| #ifdef HAVE_INTTYPES_H
| # include <inttypes.h>
| #endif
| #ifdef HAVE_STDINT_H
| # include <stdint.h>
| #endif
| #ifdef HAVE_UNISTD_H
| # include <unistd.h>
| #endif
| int
| main ()
| {
| if (sizeof ((ssize_t)))
| 	    return 0;
|   ;
|   return 0;
| }
configure:12456: result: yes
configure:12467: checking for uint8_t
configure:12467: arm-linux-androideabi-gcc -c -Os -g  conftest.c >&5
configure:12467: $? = 0
configure:12467: result: yes
configure:12481: checking for uint16_t
configure:12481: arm-linux-androideabi-gcc -c -Os -g  conftest.c >&5
configure:12481: $? = 0
configure:12481: result: yes
configure:12493: checking for uint32_t
configure:12493: arm-linux-androideabi-gcc -c -Os -g  conftest.c >&5
configure:12493: $? = 0
configure:12493: result: yes
configure:12507: checking for uint64_t
configure:12507: arm-linux-androideabi-gcc -c -Os -g  conftest.c >&5
configure:12507: $? = 0
configure:12507: result: yes
configure:12521: checking for ptrdiff_t
configure:12521: arm-linux-androideabi-gcc -c -Os -g  conftest.c >&5
configure:12521: $? = 0
configure:12521: arm-linux-androideabi-gcc -c -Os -g  conftest.c >&5
conftest.c: In function 'main':
conftest.c:66:24: error: expected expression before ')' token
 if (sizeof ((ptrdiff_t)))
                        ^
configure:12521: $? = 1
configure: failed program was:
| /* confdefs.h */
| #define PACKAGE_NAME "wslay"
| #define PACKAGE_TARNAME "wslay"
| #define PACKAGE_VERSION "0.1.1"
| #define PACKAGE_STRING "wslay 0.1.1"
| #define PACKAGE_BUGREPORT "t-tujikawa@users.sourceforge.net"
| #define PACKAGE_URL ""
| #define STDC_HEADERS 1
| #define HAVE_SYS_TYPES_H 1
| #define HAVE_SYS_STAT_H 1
| #define HAVE_STDLIB_H 1
| #define HAVE_STRING_H 1
| #define HAVE_MEMORY_H 1
| #define HAVE_STRINGS_H 1
| #define HAVE_INTTYPES_H 1
| #define HAVE_STDINT_H 1
| #define HAVE_UNISTD_H 1
| #define HAVE_DLFCN_H 1
| #define LT_OBJDIR ".libs/"
| #define PACKAGE "wslay"
| #define VERSION "0.1.1"
| #define HAVE_ARPA_INET_H 1
| #define HAVE_NETINET_IN_H 1
| #define HAVE_STDDEF_H 1
| #define HAVE_STDINT_H 1
| #define HAVE_STDLIB_H 1
| #define HAVE_STRING_H 1
| #define HAVE_UNISTD_H 1
| /* end confdefs.h.  */
| #include <stdio.h>
| #ifdef HAVE_SYS_TYPES_H
| # include <sys/types.h>
| #endif
| #ifdef HAVE_SYS_STAT_H
| # include <sys/stat.h>
| #endif
| #ifdef STDC_HEADERS
| # include <stdlib.h>
| # include <stddef.h>
| #else
| # ifdef HAVE_STDLIB_H
| #  include <stdlib.h>
| # endif
| #endif
| #ifdef HAVE_STRING_H
| # if !defined STDC_HEADERS && defined HAVE_MEMORY_H
| #  include <memory.h>
| # endif
| # include <string.h>
| #endif
| #ifdef HAVE_STRINGS_H
| # include <strings.h>
| #endif
| #ifdef HAVE_INTTYPES_H
| # include <inttypes.h>
| #endif
| #ifdef HAVE_STDINT_H
| # include <stdint.h>
| #endif
| #ifdef HAVE_UNISTD_H
| # include <unistd.h>
| #endif
| int
| main ()
| {
| if (sizeof ((ptrdiff_t)))
| 	    return 0;
|   ;
|   return 0;
| }
configure:12521: result: yes
configure:12531: checking whether byte ordering is bigendian
configure:12546: arm-linux-androideabi-gcc -c -Os -g  conftest.c >&5
conftest.c:32:9: error: unknown type name 'not'
         not a universal capable compiler
         ^
conftest.c:32:15: error: expected '=', ',', ';', 'asm' or '__attribute__' before 'universal'
         not a universal capable compiler
               ^
conftest.c:32:15: error: unknown type name 'universal'
configure:12546: $? = 1
configure: failed program was:
| /* confdefs.h */
| #define PACKAGE_NAME "wslay"
| #define PACKAGE_TARNAME "wslay"
| #define PACKAGE_VERSION "0.1.1"
| #define PACKAGE_STRING "wslay 0.1.1"
| #define PACKAGE_BUGREPORT "t-tujikawa@users.sourceforge.net"
| #define PACKAGE_URL ""
| #define STDC_HEADERS 1
| #define HAVE_SYS_TYPES_H 1
| #define HAVE_SYS_STAT_H 1
| #define HAVE_STDLIB_H 1
| #define HAVE_STRING_H 1
| #define HAVE_MEMORY_H 1
| #define HAVE_STRINGS_H 1
| #define HAVE_INTTYPES_H 1
| #define HAVE_STDINT_H 1
| #define HAVE_UNISTD_H 1
| #define HAVE_DLFCN_H 1
| #define LT_OBJDIR ".libs/"
| #define PACKAGE "wslay"
| #define VERSION "0.1.1"
| #define HAVE_ARPA_INET_H 1
| #define HAVE_NETINET_IN_H 1
| #define HAVE_STDDEF_H 1
| #define HAVE_STDINT_H 1
| #define HAVE_STDLIB_H 1
| #define HAVE_STRING_H 1
| #define HAVE_UNISTD_H 1
| #define HAVE_PTRDIFF_T 1
| /* end confdefs.h.  */
| #ifndef __APPLE_CC__
| 	       not a universal capable compiler
| 	     #endif
| 	     typedef int dummy;
| 
configure:12591: arm-linux-androideabi-gcc -c -Os -g  conftest.c >&5
conftest.c: In function 'main':
conftest.c:38:8: error: unknown type name 'bogus'
        bogus endian macros
        ^
conftest.c:38:21: error: expected '=', ',', ';', 'asm' or '__attribute__' before 'macros'
        bogus endian macros
                     ^
configure:12591: $? = 1
configure: failed program was:
| /* confdefs.h */
| #define PACKAGE_NAME "wslay"
| #define PACKAGE_TARNAME "wslay"
| #define PACKAGE_VERSION "0.1.1"
| #define PACKAGE_STRING "wslay 0.1.1"
| #define PACKAGE_BUGREPORT "t-tujikawa@users.sourceforge.net"
| #define PACKAGE_URL ""
| #define STDC_HEADERS 1
| #define HAVE_SYS_TYPES_H 1
| #define HAVE_SYS_STAT_H 1
| #define HAVE_STDLIB_H 1
| #define HAVE_STRING_H 1
| #define HAVE_MEMORY_H 1
| #define HAVE_STRINGS_H 1
| #define HAVE_INTTYPES_H 1
| #define HAVE_STDINT_H 1
| #define HAVE_UNISTD_H 1
| #define HAVE_DLFCN_H 1
| #define LT_OBJDIR ".libs/"
| #define PACKAGE "wslay"
| #define VERSION "0.1.1"
| #define HAVE_ARPA_INET_H 1
| #define HAVE_NETINET_IN_H 1
| #define HAVE_STDDEF_H 1
| #define HAVE_STDINT_H 1
| #define HAVE_STDLIB_H 1
| #define HAVE_STRING_H 1
| #define HAVE_UNISTD_H 1
| #define HAVE_PTRDIFF_T 1
| /* end confdefs.h.  */
| #include <sys/types.h>
| 	     #include <sys/param.h>
| 
| int
| main ()
| {
| #if ! (defined BYTE_ORDER && defined BIG_ENDIAN 		     && defined LITTLE_ENDIAN && BYTE_ORDER && BIG_ENDIAN 		     && LITTLE_ENDIAN)
| 	      bogus endian macros
| 	     #endif
| 
|   ;
|   return 0;
| }
configure:12635: arm-linux-androideabi-gcc -c -Os -g  conftest.c >&5
conftest.c: In function 'main':
conftest.c:37:8: error: unknown type name 'bogus'
        bogus endian macros
        ^
conftest.c:37:21: error: expected '=', ',', ';', 'asm' or '__attribute__' before 'macros'
        bogus endian macros
                     ^
configure:12635: $? = 1
configure: failed program was:
| /* confdefs.h */
| #define PACKAGE_NAME "wslay"
| #define PACKAGE_TARNAME "wslay"
| #define PACKAGE_VERSION "0.1.1"
| #define PACKAGE_STRING "wslay 0.1.1"
| #define PACKAGE_BUGREPORT "t-tujikawa@users.sourceforge.net"
| #define PACKAGE_URL ""
| #define STDC_HEADERS 1
| #define HAVE_SYS_TYPES_H 1
| #define HAVE_SYS_STAT_H 1
| #define HAVE_STDLIB_H 1
| #define HAVE_STRING_H 1
| #define HAVE_MEMORY_H 1
| #define HAVE_STRINGS_H 1
| #define HAVE_INTTYPES_H 1
| #define HAVE_STDINT_H 1
| #define HAVE_UNISTD_H 1
| #define HAVE_DLFCN_H 1
| #define LT_OBJDIR ".libs/"
| #define PACKAGE "wslay"
| #define VERSION "0.1.1"
| #define HAVE_ARPA_INET_H 1
| #define HAVE_NETINET_IN_H 1
| #define HAVE_STDDEF_H 1
| #define HAVE_STDINT_H 1
| #define HAVE_STDLIB_H 1
| #define HAVE_STRING_H 1
| #define HAVE_UNISTD_H 1
| #define HAVE_PTRDIFF_T 1
| /* end confdefs.h.  */
| #include <limits.h>
| 
| int
| main ()
| {
| #if ! (defined _LITTLE_ENDIAN || defined _BIG_ENDIAN)
| 	      bogus endian macros
| 	     #endif
| 
|   ;
|   return 0;
| }
configure:12691: arm-linux-androideabi-gcc -c -Os -g  conftest.c >&5
configure:12691: $? = 0
configure:12737: result: no
configure:12835: checking for memmove
configure:12835: arm-linux-androideabi-gcc -o conftest -Os -g  -L/home/leiyi/adt/usr/local/lib conftest.c  >&5
conftest.c:54:6: warning: conflicting types for built-in function 'memmove' [enabled by default]
 char memmove ();
      ^
configure:12835: $? = 0
configure:12835: result: yes
configure:12835: checking for memset
configure:12835: arm-linux-androideabi-gcc -o conftest -Os -g  -L/home/leiyi/adt/usr/local/lib conftest.c  >&5
conftest.c:55:6: warning: conflicting types for built-in function 'memset' [enabled by default]
 char memset ();
      ^
configure:12835: $? = 0
configure:12835: result: yes
configure:12835: checking for ntohl
configure:12835: arm-linux-androideabi-gcc -o conftest -Os -g  -L/home/leiyi/adt/usr/local/lib conftest.c  >&5
conftest.c:67: error: undefined reference to 'ntohl'
collect2: error: ld returned 1 exit status
configure:12835: $? = 1
configure: failed program was:
| /* confdefs.h */
| #define PACKAGE_NAME "wslay"
| #define PACKAGE_TARNAME "wslay"
| #define PACKAGE_VERSION "0.1.1"
| #define PACKAGE_STRING "wslay 0.1.1"
| #define PACKAGE_BUGREPORT "t-tujikawa@users.sourceforge.net"
| #define PACKAGE_URL ""
| #define STDC_HEADERS 1
| #define HAVE_SYS_TYPES_H 1
| #define HAVE_SYS_STAT_H 1
| #define HAVE_STDLIB_H 1
| #define HAVE_STRING_H 1
| #define HAVE_MEMORY_H 1
| #define HAVE_STRINGS_H 1
| #define HAVE_INTTYPES_H 1
| #define HAVE_STDINT_H 1
| #define HAVE_UNISTD_H 1
| #define HAVE_DLFCN_H 1
| #define LT_OBJDIR ".libs/"
| #define PACKAGE "wslay"
| #define VERSION "0.1.1"
| #define HAVE_ARPA_INET_H 1
| #define HAVE_NETINET_IN_H 1
| #define HAVE_STDDEF_H 1
| #define HAVE_STDINT_H 1
| #define HAVE_STDLIB_H 1
| #define HAVE_STRING_H 1
| #define HAVE_UNISTD_H 1
| #define HAVE_PTRDIFF_T 1
| #define HAVE_MEMMOVE 1
| #define HAVE_MEMSET 1
| /* end confdefs.h.  */
| /* Define ntohl to an innocuous variant, in case <limits.h> declares ntohl.
|    For example, HP-UX 11i <limits.h> declares gettimeofday.  */
| #define ntohl innocuous_ntohl
| 
| /* System header to define __stub macros and hopefully few prototypes,
|     which can conflict with char ntohl (); below.
|     Prefer <limits.h> to <assert.h> if __STDC__ is defined, since
|     <limits.h> exists even on freestanding compilers.  */
| 
| #ifdef __STDC__
| # include <limits.h>
| #else
| # include <assert.h>
| #endif
| 
| #undef ntohl
| 
| /* Override any GCC internal prototype to avoid an error.
|    Use char because int might match the return type of a GCC
|    builtin and then its argument prototype would still apply.  */
| #ifdef __cplusplus
| extern "C"
| #endif
| char ntohl ();
| /* The GNU C library defines this for functions which it implements
|     to always fail with ENOSYS.  Some functions are actually named
|     something starting with __ and the normal name is an alias.  */
| #if defined __stub_ntohl || defined __stub___ntohl
| choke me
| #endif
| 
| int
| main ()
| {
| return ntohl ();
|   ;
|   return 0;
| }
configure:12835: result: no
configure:12835: checking for ntohs
configure:12835: arm-linux-androideabi-gcc -o conftest -Os -g  -L/home/leiyi/adt/usr/local/lib conftest.c  >&5
conftest.c:67: error: undefined reference to 'ntohs'
collect2: error: ld returned 1 exit status
configure:12835: $? = 1
configure: failed program was:
| /* confdefs.h */
| #define PACKAGE_NAME "wslay"
| #define PACKAGE_TARNAME "wslay"
| #define PACKAGE_VERSION "0.1.1"
| #define PACKAGE_STRING "wslay 0.1.1"
| #define PACKAGE_BUGREPORT "t-tujikawa@users.sourceforge.net"
| #define PACKAGE_URL ""
| #define STDC_HEADERS 1
| #define HAVE_SYS_TYPES_H 1
| #define HAVE_SYS_STAT_H 1
| #define HAVE_STDLIB_H 1
| #define HAVE_STRING_H 1
| #define HAVE_MEMORY_H 1
| #define HAVE_STRINGS_H 1
| #define HAVE_INTTYPES_H 1
| #define HAVE_STDINT_H 1
| #define HAVE_UNISTD_H 1
| #define HAVE_DLFCN_H 1
| #define LT_OBJDIR ".libs/"
| #define PACKAGE "wslay"
| #define VERSION "0.1.1"
| #define HAVE_ARPA_INET_H 1
| #define HAVE_NETINET_IN_H 1
| #define HAVE_STDDEF_H 1
| #define HAVE_STDINT_H 1
| #define HAVE_STDLIB_H 1
| #define HAVE_STRING_H 1
| #define HAVE_UNISTD_H 1
| #define HAVE_PTRDIFF_T 1
| #define HAVE_MEMMOVE 1
| #define HAVE_MEMSET 1
| /* end confdefs.h.  */
| /* Define ntohs to an innocuous variant, in case <limits.h> declares ntohs.
|    For example, HP-UX 11i <limits.h> declares gettimeofday.  */
| #define ntohs innocuous_ntohs
| 
| /* System header to define __stub macros and hopefully few prototypes,
|     which can conflict with char ntohs (); below.
|     Prefer <limits.h> to <assert.h> if __STDC__ is defined, since
|     <limits.h> exists even on freestanding compilers.  */
| 
| #ifdef __STDC__
| # include <limits.h>
| #else
| # include <assert.h>
| #endif
| 
| #undef ntohs
| 
| /* Override any GCC internal prototype to avoid an error.
|    Use char because int might match the return type of a GCC
|    builtin and then its argument prototype would still apply.  */
| #ifdef __cplusplus
| extern "C"
| #endif
| char ntohs ();
| /* The GNU C library defines this for functions which it implements
|     to always fail with ENOSYS.  Some functions are actually named
|     something starting with __ and the normal name is an alias.  */
| #if defined __stub_ntohs || defined __stub___ntohs
| choke me
| #endif
| 
| int
| main ()
| {
| return ntohs ();
|   ;
|   return 0;
| }
configure:12835: result: no
configure:12835: checking for htons
configure:12835: arm-linux-androideabi-gcc -o conftest -Os -g  -L/home/leiyi/adt/usr/local/lib conftest.c  >&5
conftest.c:67: error: undefined reference to 'htons'
collect2: error: ld returned 1 exit status
configure:12835: $? = 1
configure: failed program was:
| /* confdefs.h */
| #define PACKAGE_NAME "wslay"
| #define PACKAGE_TARNAME "wslay"
| #define PACKAGE_VERSION "0.1.1"
| #define PACKAGE_STRING "wslay 0.1.1"
| #define PACKAGE_BUGREPORT "t-tujikawa@users.sourceforge.net"
| #define PACKAGE_URL ""
| #define STDC_HEADERS 1
| #define HAVE_SYS_TYPES_H 1
| #define HAVE_SYS_STAT_H 1
| #define HAVE_STDLIB_H 1
| #define HAVE_STRING_H 1
| #define HAVE_MEMORY_H 1
| #define HAVE_STRINGS_H 1
| #define HAVE_INTTYPES_H 1
| #define HAVE_STDINT_H 1
| #define HAVE_UNISTD_H 1
| #define HAVE_DLFCN_H 1
| #define LT_OBJDIR ".libs/"
| #define PACKAGE "wslay"
| #define VERSION "0.1.1"
| #define HAVE_ARPA_INET_H 1
| #define HAVE_NETINET_IN_H 1
| #define HAVE_STDDEF_H 1
| #define HAVE_STDINT_H 1
| #define HAVE_STDLIB_H 1
| #define HAVE_STRING_H 1
| #define HAVE_UNISTD_H 1
| #define HAVE_PTRDIFF_T 1
| #define HAVE_MEMMOVE 1
| #define HAVE_MEMSET 1
| /* end confdefs.h.  */
| /* Define htons to an innocuous variant, in case <limits.h> declares htons.
|    For example, HP-UX 11i <limits.h> declares gettimeofday.  */
| #define htons innocuous_htons
| 
| /* System header to define __stub macros and hopefully few prototypes,
|     which can conflict with char htons (); below.
|     Prefer <limits.h> to <assert.h> if __STDC__ is defined, since
|     <limits.h> exists even on freestanding compilers.  */
| 
| #ifdef __STDC__
| # include <limits.h>
| #else
| # include <assert.h>
| #endif
| 
| #undef htons
| 
| /* Override any GCC internal prototype to avoid an error.
|    Use char because int might match the return type of a GCC
|    builtin and then its argument prototype would still apply.  */
| #ifdef __cplusplus
| extern "C"
| #endif
| char htons ();
| /* The GNU C library defines this for functions which it implements
|     to always fail with ENOSYS.  Some functions are actually named
|     something starting with __ and the normal name is an alias.  */
| #if defined __stub_htons || defined __stub___htons
| choke me
| #endif
| 
| int
| main ()
| {
| return htons ();
|   ;
|   return 0;
| }
configure:12835: result: no
configure:12956: checking that generated files are newer than configure
configure:12962: result: done
configure:12994: creating ./config.status

## ---------------------- ##
## Running config.status. ##
## ---------------------- ##

This file was extended by wslay config.status 0.1.1, which was
generated by GNU Autoconf 2.69.  Invocation command line was

  CONFIG_FILES    = 
  CONFIG_HEADERS  = 
  CONFIG_LINKS    = 
  CONFIG_COMMANDS = 
  $ ./config.status 

on sycserver.suyuanchang.com

config.status:1107: creating Makefile
config.status:1107: creating lib/Makefile
config.status:1107: creating lib/libwslay.pc
config.status:1107: creating lib/includes/Makefile
config.status:1107: creating lib/includes/wslay/wslayver.h
config.status:1107: creating tests/Makefile
config.status:1107: creating config.h
config.status:1288: config.h is unchanged
config.status:1336: executing libtool commands
config.status:1336: executing depfiles commands
configure:15233: summary of build options:

    version:        0.1.1 shared 0:0:0
    Host type:      arm-unknown-linux-androideabi
    Install prefix: /usr/local
    C compiler:     arm-linux-androideabi-gcc
    CFlags:         -Os -g
    Library types:  Shared=yes, Static=yes
    CUnit:          no


## ---------------- ##
## Cache variables. ##
## ---------------- ##

ac_cv_build=x86_64-unknown-linux-gnu
ac_cv_c_bigendian=no
ac_cv_c_compiler_gnu=yes
ac_cv_c_uint16_t=yes
ac_cv_c_uint32_t=yes
ac_cv_c_uint64_t=yes
ac_cv_c_uint8_t=yes
ac_cv_env_CC_set=
ac_cv_env_CC_value=
ac_cv_env_CFLAGS_set=set
ac_cv_env_CFLAGS_value='-Os -g'
ac_cv_env_CPPFLAGS_set=
ac_cv_env_CPPFLAGS_value=
ac_cv_env_CPP_set=
ac_cv_env_CPP_value=
ac_cv_env_LDFLAGS_set=set
ac_cv_env_LDFLAGS_value=-L/home/leiyi/adt/usr/local/lib
ac_cv_env_LIBS_set=
ac_cv_env_LIBS_value=
ac_cv_env_build_alias_set=set
ac_cv_env_build_alias_value=
ac_cv_env_host_alias_set=set
ac_cv_env_host_alias_value=arm-linux-androideabi
ac_cv_env_target_alias_set=
ac_cv_env_target_alias_value=
ac_cv_func_htons=no
ac_cv_func_memmove=yes
ac_cv_func_memset=yes
ac_cv_func_ntohl=no
ac_cv_func_ntohs=no
ac_cv_header_arpa_inet_h=yes
ac_cv_header_dlfcn_h=yes
ac_cv_header_inttypes_h=yes
ac_cv_header_memory_h=yes
ac_cv_header_netinet_in_h=yes
ac_cv_header_stdc=yes
ac_cv_header_stddef_h=yes
ac_cv_header_stdint_h=yes
ac_cv_header_stdlib_h=yes
ac_cv_header_string_h=yes
ac_cv_header_strings_h=yes
ac_cv_header_sys_stat_h=yes
ac_cv_header_sys_types_h=yes
ac_cv_header_unistd_h=yes
ac_cv_host=arm-unknown-linux-androideabi
ac_cv_lib_cunit_CU_initialize_registry=no
ac_cv_objext=o
ac_cv_path_EGREP='/bin/grep -E'
ac_cv_path_FGREP='/bin/grep -F'
ac_cv_path_GREP=/bin/grep
ac_cv_path_SED=/bin/sed
ac_cv_path_install='/usr/bin/install -c'
ac_cv_path_mkdir=/bin/mkdir
ac_cv_prog_AR=arm-linux-androideabi-ar
ac_cv_prog_AWK=gawk
ac_cv_prog_CC=arm-linux-androideabi-gcc
ac_cv_prog_CPP='arm-linux-androideabi-gcc -E'
ac_cv_prog_OBJDUMP=arm-linux-androideabi-objdump
ac_cv_prog_RANLIB=arm-linux-androideabi-ranlib
ac_cv_prog_STRIP=arm-linux-androideabi-strip
ac_cv_prog_cc_c89=
ac_cv_prog_cc_g=yes
ac_cv_prog_make_make_set=yes
ac_cv_target=arm-unknown-linux-androideabi
ac_cv_type_ptrdiff_t=yes
ac_cv_type_size_t=yes
ac_cv_type_ssize_t=yes
am_cv_CC_dependencies_compiler_type=gcc3
am_cv_make_support_nested_variables=yes
am_cv_prog_cc_c_o=yes
lt_cv_ar_at_file=@
lt_cv_archive_cmds_need_lc=no
lt_cv_deplibs_check_method=pass_all
lt_cv_file_magic_cmd='$MAGIC_CMD'
lt_cv_file_magic_test_file=
lt_cv_ld_reload_flag=-r
lt_cv_nm_interface='BSD nm'
lt_cv_objdir=.libs
lt_cv_path_LD=/home/leiyi/adt/toolchain/arm-linux-androideabi/bin/ld
lt_cv_path_NM='/home/leiyi/adt/toolchain/bin/arm-linux-androideabi-nm -B'
lt_cv_path_mainfest_tool=no
lt_cv_prog_compiler_c_o=yes
lt_cv_prog_compiler_pic='-fPIC -DPIC'
lt_cv_prog_compiler_pic_works=yes
lt_cv_prog_compiler_rtti_exceptions=no
lt_cv_prog_compiler_static_works=yes
lt_cv_prog_gnu_ld=yes
lt_cv_sharedlib_from_linklib_cmd='printf %s\n'
lt_cv_shlibpath_overrides_runpath=no
lt_cv_sys_global_symbol_pipe='sed -n -e '\''s/^.*[	 ]\([ABCDGIRSTW][ABCDGIRSTW]*\)[	 ][	 ]*\([_A-Za-z][_A-Za-z0-9]*\)$/\1 \2 \2/p'\'' | sed '\''/ __gnu_lto/d'\'''
lt_cv_sys_global_symbol_to_c_name_address='sed -n -e '\''s/^: \([^ ]*\)[ ]*$/  {\"\1\", (void *) 0},/p'\'' -e '\''s/^[ABCDGIRSTW]* \([^ ]*\) \([^ ]*\)$/  {"\2", (void *) \&\2},/p'\'''
lt_cv_sys_global_symbol_to_c_name_address_lib_prefix='sed -n -e '\''s/^: \([^ ]*\)[ ]*$/  {\"\1\", (void *) 0},/p'\'' -e '\''s/^[ABCDGIRSTW]* \([^ ]*\) \(lib[^ ]*\)$/  {"\2", (void *) \&\2},/p'\'' -e '\''s/^[ABCDGIRSTW]* \([^ ]*\) \([^ ]*\)$/  {"lib\2", (void *) \&\2},/p'\'''
lt_cv_sys_global_symbol_to_cdecl='sed -n -e '\''s/^T .* \(.*\)$/extern int \1();/p'\'' -e '\''s/^[ABCDGIRSTW]* .* \(.*\)$/extern char \1;/p'\'''
lt_cv_sys_max_cmd_len=1966080
lt_cv_to_host_file_cmd=func_convert_file_noop
lt_cv_to_tool_file_cmd=func_convert_file_noop

## ----------------- ##
## Output variables. ##
## ----------------- ##

ACLOCAL='${SHELL} /home/leiyi/workspace/aria2-1.18.5/deps/wslay/missing aclocal-1.14'
AMDEPBACKSLASH='\'
AMDEP_FALSE='#'
AMDEP_TRUE=''
AMTAR='$${TAR-tar}'
AM_BACKSLASH='\'
AM_DEFAULT_V='$(AM_DEFAULT_VERBOSITY)'
AM_DEFAULT_VERBOSITY='1'
AM_V='$(V)'
AR='arm-linux-androideabi-ar'
AUTOCONF='${SHELL} /home/leiyi/workspace/aria2-1.18.5/deps/wslay/missing autoconf'
AUTOHEADER='${SHELL} /home/leiyi/workspace/aria2-1.18.5/deps/wslay/missing autoheader'
AUTOMAKE='${SHELL} /home/leiyi/workspace/aria2-1.18.5/deps/wslay/missing automake-1.14'
AWK='gawk'
CC='arm-linux-androideabi-gcc'
CCDEPMODE='depmode=gcc3'
CFLAGS='-Os -g'
CPP='arm-linux-androideabi-gcc -E'
CPPFLAGS=''
CYGPATH_W='echo'
DEFS='-DHAVE_CONFIG_H'
DEPDIR='.deps'
DLLTOOL='false'
DSYMUTIL=''
DUMPBIN=''
ECHO_C=''
ECHO_N='-n'
ECHO_T=''
EGREP='/bin/grep -E'
EXEEXT=''
FGREP='/bin/grep -F'
GREP='/bin/grep'
HAVE_CUNIT_FALSE=''
HAVE_CUNIT_TRUE='#'
HAVE_SPHINX_BUILD_FALSE=''
HAVE_SPHINX_BUILD_TRUE='#'
INSTALL_DATA='${INSTALL} -m 644'
INSTALL_PROGRAM='${INSTALL}'
INSTALL_SCRIPT='${INSTALL}'
INSTALL_STRIP_PROGRAM='$(install_sh) -c -s'
LD='/home/leiyi/adt/toolchain/arm-linux-androideabi/bin/ld'
LDFLAGS='-L/home/leiyi/adt/usr/local/lib'
LIBOBJS=''
LIBS=''
LIBTOOL='$(SHELL) $(top_builddir)/libtool'
LIPO=''
LN_S='ln -s'
LTLIBOBJS=''
LT_AGE='0'
LT_CURRENT='0'
LT_REVISION='0'
MAKEINFO='${SHELL} /home/leiyi/workspace/aria2-1.18.5/deps/wslay/missing makeinfo'
MANIFEST_TOOL=':'
MKDIR_P='/bin/mkdir -p'
NM='/home/leiyi/adt/toolchain/bin/arm-linux-androideabi-nm -B'
NMEDIT=''
OBJDUMP='arm-linux-androideabi-objdump'
OBJEXT='o'
OTOOL64=''
OTOOL=''
PACKAGE='wslay'
PACKAGE_BUGREPORT='t-tujikawa@users.sourceforge.net'
PACKAGE_NAME='wslay'
PACKAGE_STRING='wslay 0.1.1'
PACKAGE_TARNAME='wslay'
PACKAGE_URL=''
PACKAGE_VERSION='0.1.1'
PATH_SEPARATOR=':'
RANLIB='arm-linux-androideabi-ranlib'
SED='/bin/sed'
SET_MAKE=''
SHELL='/bin/sh'
SPHINX_BUILD=''
STRIP='arm-linux-androideabi-strip'
VERSION='0.1.1'
ac_ct_AR=''
ac_ct_CC=''
ac_ct_DUMPBIN=''
am__EXEEXT_FALSE=''
am__EXEEXT_TRUE='#'
am__fastdepCC_FALSE='#'
am__fastdepCC_TRUE=''
am__include='include'
am__isrc=''
am__leading_dot='.'
am__nodep='_no'
am__quote=''
am__tar='$${TAR-tar} chof - "$$tardir"'
am__untar='$${TAR-tar} xf -'
bindir='${exec_prefix}/bin'
build='x86_64-unknown-linux-gnu'
build_alias=''
build_cpu='x86_64'
build_os='linux-gnu'
build_vendor='unknown'
datadir='${datarootdir}'
datarootdir='${prefix}/share'
docdir='${datarootdir}/doc/${PACKAGE_TARNAME}'
dvidir='${docdir}'
exec_prefix='${prefix}'
host='arm-unknown-linux-androideabi'
host_alias='arm-linux-androideabi'
host_cpu='arm'
host_os='linux-androideabi'
host_vendor='unknown'
htmldir='${docdir}'
includedir='${prefix}/include'
infodir='${datarootdir}/info'
install_sh='${SHELL} /home/leiyi/workspace/aria2-1.18.5/deps/wslay/install-sh'
libdir='${exec_prefix}/lib'
libexecdir='${exec_prefix}/libexec'
localedir='${datarootdir}/locale'
localstatedir='${prefix}/var'
mandir='${datarootdir}/man'
mkdir_p='$(MKDIR_P)'
oldincludedir='/usr/include'
pdfdir='${docdir}'
prefix='/usr/local'
program_transform_name='s,x,x,'
psdir='${docdir}'
sbindir='${exec_prefix}/sbin'
sharedstatedir='${prefix}/com'
sysconfdir='${prefix}/etc'
target='arm-unknown-linux-androideabi'
target_alias=''
target_cpu='arm'
target_os='linux-androideabi'
target_vendor='unknown'

## ----------- ##
## confdefs.h. ##
## ----------- ##

/* confdefs.h */
#define PACKAGE_NAME "wslay"
#define PACKAGE_TARNAME "wslay"
#define PACKAGE_VERSION "0.1.1"
#define PACKAGE_STRING "wslay 0.1.1"
#define PACKAGE_BUGREPORT "t-tujikawa@users.sourceforge.net"
#define PACKAGE_URL ""
#define STDC_HEADERS 1
#define HAVE_SYS_TYPES_H 1
#define HAVE_SYS_STAT_H 1
#define HAVE_STDLIB_H 1
#define HAVE_STRING_H 1
#define HAVE_MEMORY_H 1
#define HAVE_STRINGS_H 1
#define HAVE_INTTYPES_H 1
#define HAVE_STDINT_H 1
#define HAVE_UNISTD_H 1
#define HAVE_DLFCN_H 1
#define LT_OBJDIR ".libs/"
#define PACKAGE "wslay"
#define VERSION "0.1.1"
#define HAVE_ARPA_INET_H 1
#define HAVE_NETINET_IN_H 1
#define HAVE_STDDEF_H 1
#define HAVE_STDINT_H 1
#define HAVE_STDLIB_H 1
#define HAVE_STRING_H 1
#define HAVE_UNISTD_H 1
#define HAVE_PTRDIFF_T 1
#define HAVE_MEMMOVE 1
#define HAVE_MEMSET 1

configure: exit 0
